<root>
  <child1>value1</child1>
  <child2>value2</child2>
</root>
